# JRE version: OpenJDK Runtime Environment Temurin-21.0.10+7 (21.0.10+7) (build 21.0.10+7-LTS)
# Java VM: OpenJDK 64-Bit Server VM Temurin-21.0.10+7 (21.0.10+7-LTS, mixed mode, sharing, tiered, compressed oops, compressed class ptrs, parallel gc, windows-amd64)
GC Precious Log:
 CardTable entry size: 512
 CPUs: 12 total, 12 available
 Memory: 7865M
 Large Page Support: Disabled
 NUMA Support: Disabled
 Compressed Oops: Enabled (32-bit)
 Alignments: Space 512K, Generation 512K, Heap 2M
 Heap Min Capacity: 100M
 Heap Initial Capacity: 100M
 Heap Max Capacity: 2G
 Pre-touch: Disabled
 Parallel Workers: 10
Heap:
 PSYoungGen      total 4096K, used 1756K [0x00000000d5580000, 0x00000000d5c00000, 0x0000000100000000)
  eden space 3584K, 35% used [0x00000000d5580000,0x00000000d56bf030,0x00000000d5900000)
  from space 512K, 93% used [0x00000000d5b00000,0x00000000d5b78010,0x00000000d5b80000)
  to   space 512K, 0% used [0x00000000d5b80000,0x00000000d5b80000,0x00000000d5c00000)
 ParOldGen       total 410624K, used 410536K [0x0000000080000000, 0x0000000099100000, 0x00000000d5580000)
  object space 410624K, 99% used [0x0000000080000000,0x00000000990ea070,0x0000000099100000)
 Metaspace       used 63304K, committed 64640K, reserved 1114112K
  class space    used 6761K, committed 7360K, reserved 1048576K
GC Heap History (20 events):
Event: 21.010 GC heap before
{Heap before GC invocations=223 (full 3):
 PSYoungGen      total 5632K, used 5377K [0x00000000d5580000, 0x00000000d5d80000, 0x0000000100000000)
  eden space 3584K, 100% used [0x00000000d5580000,0x00000000d5900000,0x00000000d5900000)
  from space 2048K, 87% used [0x00000000d5b00000,0x00000000d5cc0588,0x00000000d5d00000)
  to   space 512K, 0% used [0x00000000d5d00000,0x00000000d5d00000,0x00000000d5d80000)
 ParOldGen       total 406528K, used 406200K [0x0000000080000000, 0x0000000098d00000, 0x00000000d5580000)
  object space 406528K, 99% used [0x0000000080000000,0x0000000098cae390,0x0000000098d00000)
 Metaspace       used 60965K, committed 62272K, reserved 1114112K
  class space    used 6504K, committed 7040K, reserved 1048576K
}
Event: 21.013 GC heap after
{Heap after GC invocations=223 (full 3):
 PSYoungGen      total 4096K, used 448K [0x00000000d5580000, 0x00000000d5d80000, 0x0000000100000000)
  eden space 3584K, 0% used [0x00000000d5580000,0x00000000d5580000,0x00000000d5900000)
  from space 512K, 87% used [0x00000000d5d00000,0x00000000d5d70000,0x00000000d5d80000)
  to   space 1024K, 0% used [0x00000000d5b80000,0x00000000d5b80000,0x00000000d5c80000)
 ParOldGen       total 408064K, used 407664K [0x0000000080000000, 0x0000000098e80000, 0x00000000d5580000)
  object space 408064K, 99% used [0x0000000080000000,0x0000000098e1c118,0x0000000098e80000)
 Metaspace       used 60965K, committed 62272K, reserved 1114112K
  class space    used 6504K, committed 7040K, reserved 1048576K
}
Event: 21.168 GC heap before
{Heap before GC invocations=224 (full 3):
 PSYoungGen      total 4096K, used 4032K [0x00000000d5580000, 0x00000000d5d80000, 0x0000000100000000)
  eden space 3584K, 100% used [0x00000000d5580000,0x00000000d5900000,0x00000000d5900000)
  from space 512K, 87% used [0x00000000d5d00000,0x00000000d5d70000,0x00000000d5d80000)
  to   space 1024K, 0% used [0x00000000d5b80000,0x00000000d5b80000,0x00000000d5c80000)
 ParOldGen       total 408064K, used 407664K [0x0000000080000000, 0x0000000098e80000, 0x00000000d5580000)
  object space 408064K, 99% used [0x0000000080000000,0x0000000098e1c118,0x0000000098e80000)
 Metaspace       used 61165K, committed 62464K, reserved 1114112K
  class space    used 6522K, committed 7040K, reserved 1048576K
}
Event: 21.170 GC heap after
{Heap after GC invocations=224 (full 3):
 PSYoungGen      total 4608K, used 1008K [0x00000000d5580000, 0x00000000d5d80000, 0x0000000100000000)
  eden space 3584K, 0% used [0x00000000d5580000,0x00000000d5580000,0x00000000d5900000)
  from space 1024K, 98% used [0x00000000d5b80000,0x00000000d5c7c010,0x00000000d5c80000)
  to   space 1024K, 0% used [0x00000000d5c80000,0x00000000d5c80000,0x00000000d5d80000)
 ParOldGen       total 408576K, used 408155K [0x0000000080000000, 0x0000000098f00000, 0x00000000d5580000)
  object space 408576K, 99% used [0x0000000080000000,0x0000000098e96d20,0x0000000098f00000)
 Metaspace       used 61165K, committed 62464K, reserved 1114112K
  class space    used 6522K, committed 7040K, reserved 1048576K
}
Event: 21.253 GC heap before
{Heap before GC invocations=225 (full 3):
 PSYoungGen      total 4608K, used 4592K [0x00000000d5580000, 0x00000000d5d80000, 0x0000000100000000)
  eden space 3584K, 100% used [0x00000000d5580000,0x00000000d5900000,0x00000000d5900000)
  from space 1024K, 98% used [0x00000000d5b80000,0x00000000d5c7c010,0x00000000d5c80000)
  to   space 1024K, 0% used [0x00000000d5c80000,0x00000000d5c80000,0x00000000d5d80000)
 ParOldGen       total 408576K, used 408155K [0x0000000080000000, 0x0000000098f00000, 0x00000000d5580000)
  object space 408576K, 99% used [0x0000000080000000,0x0000000098e96d20,0x0000000098f00000)
 Metaspace       used 61600K, committed 62912K, reserved 1114112K
  class space    used 6555K, committed 7104K, reserved 1048576K
}
Event: 21.257 GC heap after
{Heap after GC invocations=225 (full 3):
 PSYoungGen      total 4096K, used 416K [0x00000000d5580000, 0x00000000d5d00000, 0x0000000100000000)
  eden space 3584K, 0% used [0x00000000d5580000,0x00000000d5580000,0x00000000d5900000)
  from space 512K, 81% used [0x00000000d5c80000,0x00000000d5ce8000,0x00000000d5d00000)
  to   space 1024K, 0% used [0x00000000d5b00000,0x00000000d5b00000,0x00000000d5c00000)
 ParOldGen       total 409088K, used 408840K [0x0000000080000000, 0x0000000098f80000, 0x00000000d5580000)
  object space 409088K, 99% used [0x0000000080000000,0x0000000098f420e8,0x0000000098f80000)
 Metaspace       used 61600K, committed 62912K, reserved 1114112K
  class space    used 6555K, committed 7104K, reserved 1048576K
}
Event: 21.354 GC heap before
{Heap before GC invocations=226 (full 3):
 PSYoungGen      total 4096K, used 4000K [0x00000000d5580000, 0x00000000d5d00000, 0x0000000100000000)
  eden space 3584K, 100% used [0x00000000d5580000,0x00000000d5900000,0x00000000d5900000)
  from space 512K, 81% used [0x00000000d5c80000,0x00000000d5ce8000,0x00000000d5d00000)
  to   space 1024K, 0% used [0x00000000d5b00000,0x00000000d5b00000,0x00000000d5c00000)
 ParOldGen       total 409088K, used 408840K [0x0000000080000000, 0x0000000098f80000, 0x00000000d5580000)
  object space 409088K, 99% used [0x0000000080000000,0x0000000098f420e8,0x0000000098f80000)
 Metaspace       used 61930K, committed 63296K, reserved 1114112K
  class space    used 6601K, committed 7168K, reserved 1048576K
}
Event: 21.357 GC heap after
{Heap after GC invocations=226 (full 3):
 PSYoungGen      total 4608K, used 566K [0x00000000d5580000, 0x00000000d5d00000, 0x0000000100000000)
  eden space 3584K, 0% used [0x00000000d5580000,0x00000000d5580000,0x00000000d5900000)
  from space 1024K, 55% used [0x00000000d5b00000,0x00000000d5b8daa0,0x00000000d5c00000)
  to   space 1024K, 0% used [0x00000000d5c00000,0x00000000d5c00000,0x00000000d5d00000)
 ParOldGen       total 409600K, used 409128K [0x0000000080000000, 0x0000000099000000, 0x00000000d5580000)
  object space 409600K, 99% used [0x0000000080000000,0x0000000098f8a0e8,0x0000000099000000)
 Metaspace       used 61930K, committed 63296K, reserved 1114112K
  class space    used 6601K, committed 7168K, reserved 1048576K
}
Event: 21.371 GC heap before
{Heap before GC invocations=227 (full 3):
 PSYoungGen      total 4608K, used 4150K [0x00000000d5580000, 0x00000000d5d00000, 0x0000000100000000)
  eden space 3584K, 100% used [0x00000000d5580000,0x00000000d5900000,0x00000000d5900000)
  from space 1024K, 55% used [0x00000000d5b00000,0x00000000d5b8daa0,0x00000000d5c00000)
  to   space 1024K, 0% used [0x00000000d5c00000,0x00000000d5c00000,0x00000000d5d00000)
 ParOldGen       total 409600K, used 409128K [0x0000000080000000, 0x0000000099000000, 0x00000000d5580000)
  object space 409600K, 99% used [0x0000000080000000,0x0000000098f8a0e8,0x0000000099000000)
 Metaspace       used 61949K, committed 63296K, reserved 1114112K
  class space    used 6602K, committed 7168K, reserved 1048576K
}
Event: 21.372 GC heap after
{Heap after GC invocations=227 (full 3):
 PSYoungGen      total 4608K, used 1020K [0x00000000d5580000, 0x00000000d5d00000, 0x0000000100000000)
  eden space 3584K, 0% used [0x00000000d5580000,0x00000000d5580000,0x00000000d5900000)
  from space 1024K, 99% used [0x00000000d5c00000,0x00000000d5cff388,0x00000000d5d00000)
  to   space 1536K, 0% used [0x00000000d5a00000,0x00000000d5a00000,0x00000000d5b80000)
 ParOldGen       total 409600K, used 409497K [0x0000000080000000, 0x0000000099000000, 0x00000000d5580000)
  object space 409600K, 99% used [0x0000000080000000,0x0000000098fe6788,0x0000000099000000)
 Metaspace       used 61949K, committed 63296K, reserved 1114112K
  class space    used 6602K, committed 7168K, reserved 1048576K
}
Event: 21.417 GC heap before
{Heap before GC invocations=228 (full 3):
 PSYoungGen      total 4608K, used 4562K [0x00000000d5580000, 0x00000000d5d00000, 0x0000000100000000)
  eden space 3584K, 98% used [0x00000000d5580000,0x00000000d58f5530,0x00000000d5900000)
  from space 1024K, 99% used [0x00000000d5c00000,0x00000000d5cff388,0x00000000d5d00000)
  to   space 1536K, 0% used [0x00000000d5a00000,0x00000000d5a00000,0x00000000d5b80000)
 ParOldGen       total 409600K, used 409497K [0x0000000080000000, 0x0000000099000000, 0x00000000d5580000)
  object space 409600K, 99% used [0x0000000080000000,0x0000000098fe6788,0x0000000099000000)
 Metaspace       used 62244K, committed 63552K, reserved 1114112K
  class space    used 6619K, committed 7168K, reserved 1048576K
}
Event: 21.418 GC heap after
{Heap after GC invocations=228 (full 3):
 PSYoungGen      total 5120K, used 288K [0x00000000d5580000, 0x00000000d5c80000, 0x0000000100000000)
  eden space 3584K, 0% used [0x00000000d5580000,0x00000000d5580000,0x00000000d5900000)
  from space 1536K, 18% used [0x00000000d5a00000,0x00000000d5a48000,0x00000000d5b80000)
  to   space 1024K, 0% used [0x00000000d5b80000,0x00000000d5b80000,0x00000000d5c80000)
 ParOldGen       total 409600K, used 409537K [0x0000000080000000, 0x0000000099000000, 0x00000000d5580000)
  object space 409600K, 99% used [0x0000000080000000,0x0000000098ff0788,0x0000000099000000)
 Metaspace       used 62244K, committed 63552K, reserved 1114112K
  class space    used 6619K, committed 7168K, reserved 1048576K
}
Event: 21.513 GC heap before
{Heap before GC invocations=229 (full 3):
 PSYoungGen      total 5120K, used 3872K [0x00000000d5580000, 0x00000000d5c80000, 0x0000000100000000)
  eden space 3584K, 100% used [0x00000000d5580000,0x00000000d5900000,0x00000000d5900000)
  from space 1536K, 18% used [0x00000000d5a00000,0x00000000d5a48000,0x00000000d5b80000)
  to   space 1024K, 0% used [0x00000000d5b80000,0x00000000d5b80000,0x00000000d5c80000)
 ParOldGen       total 409600K, used 409537K [0x0000000080000000, 0x0000000099000000, 0x00000000d5580000)
  object space 409600K, 99% used [0x0000000080000000,0x0000000098ff0788,0x0000000099000000)
 Metaspace       used 62895K, committed 64256K, reserved 1114112K
  class space    used 6733K, committed 7296K, reserved 1048576K
}
Event: 21.516 GC heap after
{Heap after GC invocations=229 (full 3):
 PSYoungGen      total 4096K, used 480K [0x00000000d5580000, 0x00000000d5c00000, 0x0000000100000000)
  eden space 3584K, 0% used [0x00000000d5580000,0x00000000d5580000,0x00000000d5900000)
  from space 512K, 93% used [0x00000000d5b80000,0x00000000d5bf8000,0x00000000d5c00000)
  to   space 1024K, 0% used [0x00000000d5a00000,0x00000000d5a00000,0x00000000d5b00000)
 ParOldGen       total 410112K, used 409648K [0x0000000080000000, 0x0000000099080000, 0x00000000d5580000)
  object space 410112K, 99% used [0x0000000080000000,0x000000009900c050,0x0000000099080000)
 Metaspace       used 62895K, committed 64256K, reserved 1114112K
  class space    used 6733K, committed 7296K, reserved 1048576K
}
Event: 21.563 GC heap before
{Heap before GC invocations=230 (full 3):
 PSYoungGen      total 4096K, used 4064K [0x00000000d5580000, 0x00000000d5c00000, 0x0000000100000000)
  eden space 3584K, 100% used [0x00000000d5580000,0x00000000d5900000,0x00000000d5900000)
  from space 512K, 93% used [0x00000000d5b80000,0x00000000d5bf8000,0x00000000d5c00000)
  to   space 1024K, 0% used [0x00000000d5a00000,0x00000000d5a00000,0x00000000d5b00000)
 ParOldGen       total 410112K, used 409648K [0x0000000080000000, 0x0000000099080000, 0x00000000d5580000)
  object space 410112K, 99% used [0x0000000080000000,0x000000009900c050,0x0000000099080000)
 Metaspace       used 62969K, committed 64320K, reserved 1114112K
  class space    used 6739K, committed 7296K, reserved 1048576K
}
Event: 21.565 GC heap after
{Heap after GC invocations=230 (full 3):
 PSYoungGen      total 4608K, used 256K [0x00000000d5580000, 0x00000000d5c00000, 0x0000000100000000)
  eden space 3584K, 0% used [0x00000000d5580000,0x00000000d5580000,0x00000000d5900000)
  from space 1024K, 25% used [0x00000000d5a00000,0x00000000d5a40000,0x00000000d5b00000)
  to   space 512K, 0% used [0x00000000d5b80000,0x00000000d5b80000,0x00000000d5c00000)
 ParOldGen       total 410112K, used 409888K [0x0000000080000000, 0x0000000099080000, 0x00000000d5580000)
  object space 410112K, 99% used [0x0000000080000000,0x0000000099048050,0x0000000099080000)
 Metaspace       used 62969K, committed 64320K, reserved 1114112K
  class space    used 6739K, committed 7296K, reserved 1048576K
}
Event: 21.608 GC heap before
{Heap before GC invocations=231 (full 3):
 PSYoungGen      total 4608K, used 3840K [0x00000000d5580000, 0x00000000d5c00000, 0x0000000100000000)
  eden space 3584K, 100% used [0x00000000d5580000,0x00000000d5900000,0x00000000d5900000)
  from space 1024K, 25% used [0x00000000d5a00000,0x00000000d5a40000,0x00000000d5b00000)
  to   space 512K, 0% used [0x00000000d5b80000,0x00000000d5b80000,0x00000000d5c00000)
 ParOldGen       total 410112K, used 409888K [0x0000000080000000, 0x0000000099080000, 0x00000000d5580000)
  object space 410112K, 99% used [0x0000000080000000,0x0000000099048050,0x0000000099080000)
 Metaspace       used 63007K, committed 64320K, reserved 1114112K
  class space    used 6742K, committed 7296K, reserved 1048576K
}
Event: 21.609 GC heap after
{Heap after GC invocations=231 (full 3):
 PSYoungGen      total 4096K, used 256K [0x00000000d5580000, 0x00000000d5c00000, 0x0000000100000000)
  eden space 3584K, 0% used [0x00000000d5580000,0x00000000d5580000,0x00000000d5900000)
  from space 512K, 50% used [0x00000000d5b80000,0x00000000d5bc0000,0x00000000d5c00000)
  to   space 512K, 0% used [0x00000000d5b00000,0x00000000d5b00000,0x00000000d5b80000)
 ParOldGen       total 410112K, used 409936K [0x0000000080000000, 0x0000000099080000, 0x00000000d5580000)
  object space 410112K, 99% used [0x0000000080000000,0x0000000099054050,0x0000000099080000)
 Metaspace       used 63007K, committed 64320K, reserved 1114112K
  class space    used 6742K, committed 7296K, reserved 1048576K
}
Event: 32.078 GC heap before
{Heap before GC invocations=232 (full 3):
 PSYoungGen      total 4096K, used 3840K [0x00000000d5580000, 0x00000000d5c00000, 0x0000000100000000)
  eden space 3584K, 100% used [0x00000000d5580000,0x00000000d5900000,0x00000000d5900000)
  from space 512K, 50% used [0x00000000d5b80000,0x00000000d5bc0000,0x00000000d5c00000)
  to   space 512K, 0% used [0x00000000d5b00000,0x00000000d5b00000,0x00000000d5b80000)
 ParOldGen       total 410112K, used 409936K [0x0000000080000000, 0x0000000099080000, 0x00000000d5580000)
  object space 410112K, 99% used [0x0000000080000000,0x0000000099054050,0x0000000099080000)
 Metaspace       used 63122K, committed 64448K, reserved 1114112K
  class space    used 6751K, committed 7296K, reserved 1048576K
}
Event: 32.081 GC heap after
{Heap after GC invocations=232 (full 3):
 PSYoungGen      total 4096K, used 480K [0x00000000d5580000, 0x00000000d5c00000, 0x0000000100000000)
  eden space 3584K, 0% used [0x00000000d5580000,0x00000000d5580000,0x00000000d5900000)
  from space 512K, 93% used [0x00000000d5b00000,0x00000000d5b78010,0x00000000d5b80000)
  to   space 512K, 0% used [0x00000000d5b80000,0x00000000d5b80000,0x00000000d5c00000)
 ParOldGen       total 410624K, used 410536K [0x0000000080000000, 0x0000000099100000, 0x00000000d5580000)
  object space 410624K, 99% used [0x0000000080000000,0x00000000990ea070,0x0000000099100000)
 Metaspace       used 63122K, committed 64448K, reserved 1114112K
  class space    used 6751K, committed 7296K, reserved 1048576K
}

