# JRE version: OpenJDK Runtime Environment Temurin-21.0.10+7 (21.0.10+7) (build 21.0.10+7-LTS)
# Java VM: OpenJDK 64-Bit Server VM Temurin-21.0.10+7 (21.0.10+7-LTS, mixed mode, sharing, tiered, compressed oops, compressed class ptrs, parallel gc, windows-amd64)
GC Precious Log:
 CardTable entry size: 512
 CPUs: 12 total, 12 available
 Memory: 7865M
 Large Page Support: Disabled
 NUMA Support: Disabled
 Compressed Oops: Enabled (32-bit)
 Alignments: Space 512K, Generation 512K, Heap 2M
 Heap Min Capacity: 100M
 Heap Initial Capacity: 100M
 Heap Max Capacity: 2G
 Pre-touch: Disabled
 Parallel Workers: 10
Heap:
 PSYoungGen      total 24576K, used 12912K [0x00000000d5580000, 0x00000000d7180000, 0x0000000100000000)
  eden space 22528K, 50% used [0x00000000d5580000,0x00000000d6098d88,0x00000000d6b80000)
  from space 2048K, 75% used [0x00000000d6f00000,0x00000000d7083510,0x00000000d7100000)
  to   space 512K, 0% used [0x00000000d7100000,0x00000000d7100000,0x00000000d7180000)
 ParOldGen       total 68608K, used 14620K [0x0000000080000000, 0x0000000084300000, 0x00000000d5580000)
  object space 68608K, 21% used [0x0000000080000000,0x0000000080e471f8,0x0000000084300000)
 Metaspace       used 29609K, committed 30528K, reserved 1114112K
  class space    used 2935K, committed 3328K, reserved 1048576K
GC Heap History (20 events):
Event: 2.190 GC heap before
{Heap before GC invocations=3 (full 0):
 PSYoungGen      total 29696K, used 29562K [0x00000000d5580000, 0x00000000d7680000, 0x0000000100000000)
  eden space 25600K, 99% used [0x00000000d5580000,0x00000000d6e60cd8,0x00000000d6e80000)
  from space 4096K, 99% used [0x00000000d7280000,0x00000000d767dea8,0x00000000d7680000)
  to   space 4096K, 0% used [0x00000000d6e80000,0x00000000d6e80000,0x00000000d7280000)
 ParOldGen       total 68608K, used 2052K [0x0000000080000000, 0x0000000084300000, 0x00000000d5580000)
  object space 68608K, 2% used [0x0000000080000000,0x0000000080201030,0x0000000084300000)
 Metaspace       used 9353K, committed 9664K, reserved 1114112K
  class space    used 1006K, committed 1152K, reserved 1048576K
}
Event: 2.196 GC heap after
{Heap after GC invocations=3 (full 0):
 PSYoungGen      total 29696K, used 4070K [0x00000000d5580000, 0x00000000d7680000, 0x0000000100000000)
  eden space 25600K, 0% used [0x00000000d5580000,0x00000000d5580000,0x00000000d6e80000)
  from space 4096K, 99% used [0x00000000d6e80000,0x00000000d7279b38,0x00000000d7280000)
  to   space 4096K, 0% used [0x00000000d7280000,0x00000000d7280000,0x00000000d7680000)
 ParOldGen       total 68608K, used 5101K [0x0000000080000000, 0x0000000084300000, 0x00000000d5580000)
  object space 68608K, 7% used [0x0000000080000000,0x00000000804fb460,0x0000000084300000)
 Metaspace       used 9353K, committed 9664K, reserved 1114112K
  class space    used 1006K, committed 1152K, reserved 1048576K
}
Event: 4.555 GC heap before
{Heap before GC invocations=4 (full 0):
 PSYoungGen      total 29696K, used 29670K [0x00000000d5580000, 0x00000000d7680000, 0x0000000100000000)
  eden space 25600K, 100% used [0x00000000d5580000,0x00000000d6e80000,0x00000000d6e80000)
  from space 4096K, 99% used [0x00000000d6e80000,0x00000000d7279b38,0x00000000d7280000)
  to   space 4096K, 0% used [0x00000000d7280000,0x00000000d7280000,0x00000000d7680000)
 ParOldGen       total 68608K, used 5101K [0x0000000080000000, 0x0000000084300000, 0x00000000d5580000)
  object space 68608K, 7% used [0x0000000080000000,0x00000000804fb460,0x0000000084300000)
 Metaspace       used 11581K, committed 11968K, reserved 1114112K
  class space    used 1229K, committed 1408K, reserved 1048576K
}
Event: 4.561 GC heap after
{Heap after GC invocations=4 (full 0):
 PSYoungGen      total 29696K, used 4087K [0x00000000d5580000, 0x00000000d7680000, 0x0000000100000000)
  eden space 25600K, 0% used [0x00000000d5580000,0x00000000d5580000,0x00000000d6e80000)
  from space 4096K, 99% used [0x00000000d7280000,0x00000000d767dcb8,0x00000000d7680000)
  to   space 4096K, 0% used [0x00000000d6e80000,0x00000000d6e80000,0x00000000d7280000)
 ParOldGen       total 68608K, used 6683K [0x0000000080000000, 0x0000000084300000, 0x00000000d5580000)
  object space 68608K, 9% used [0x0000000080000000,0x0000000080686e08,0x0000000084300000)
 Metaspace       used 11581K, committed 11968K, reserved 1114112K
  class space    used 1229K, committed 1408K, reserved 1048576K
}
Event: 5.345 GC heap before
{Heap before GC invocations=5 (full 0):
 PSYoungGen      total 29696K, used 29687K [0x00000000d5580000, 0x00000000d7680000, 0x0000000100000000)
  eden space 25600K, 100% used [0x00000000d5580000,0x00000000d6e80000,0x00000000d6e80000)
  from space 4096K, 99% used [0x00000000d7280000,0x00000000d767dcb8,0x00000000d7680000)
  to   space 4096K, 0% used [0x00000000d6e80000,0x00000000d6e80000,0x00000000d7280000)
 ParOldGen       total 68608K, used 6683K [0x0000000080000000, 0x0000000084300000, 0x00000000d5580000)
  object space 68608K, 9% used [0x0000000080000000,0x0000000080686e08,0x0000000084300000)
 Metaspace       used 14697K, committed 15232K, reserved 1114112K
  class space    used 1511K, committed 1728K, reserved 1048576K
}
Event: 5.348 GC heap after
{Heap after GC invocations=5 (full 0):
 PSYoungGen      total 29184K, used 4080K [0x00000000d5580000, 0x00000000d7900000, 0x0000000100000000)
  eden space 25088K, 0% used [0x00000000d5580000,0x00000000d5580000,0x00000000d6e00000)
  from space 4096K, 99% used [0x00000000d6e80000,0x00000000d727c0b8,0x00000000d7280000)
  to   space 5632K, 0% used [0x00000000d7380000,0x00000000d7380000,0x00000000d7900000)
 ParOldGen       total 68608K, used 7468K [0x0000000080000000, 0x0000000084300000, 0x00000000d5580000)
  object space 68608K, 10% used [0x0000000080000000,0x000000008074b2c0,0x0000000084300000)
 Metaspace       used 14697K, committed 15232K, reserved 1114112K
  class space    used 1511K, committed 1728K, reserved 1048576K
}
Event: 5.997 GC heap before
{Heap before GC invocations=6 (full 0):
 PSYoungGen      total 29184K, used 29168K [0x00000000d5580000, 0x00000000d7900000, 0x0000000100000000)
  eden space 25088K, 100% used [0x00000000d5580000,0x00000000d6e00000,0x00000000d6e00000)
  from space 4096K, 99% used [0x00000000d6e80000,0x00000000d727c0b8,0x00000000d7280000)
  to   space 5632K, 0% used [0x00000000d7380000,0x00000000d7380000,0x00000000d7900000)
 ParOldGen       total 68608K, used 7468K [0x0000000080000000, 0x0000000084300000, 0x00000000d5580000)
  object space 68608K, 10% used [0x0000000080000000,0x000000008074b2c0,0x0000000084300000)
 Metaspace       used 18225K, committed 18880K, reserved 1114112K
  class space    used 1904K, committed 2176K, reserved 1048576K
}
Event: 6.002 GC heap after
{Heap after GC invocations=6 (full 0):
 PSYoungGen      total 30208K, used 5256K [0x00000000d5580000, 0x00000000d7900000, 0x0000000100000000)
  eden space 24576K, 0% used [0x00000000d5580000,0x00000000d5580000,0x00000000d6d80000)
  from space 5632K, 93% used [0x00000000d7380000,0x00000000d78a2040,0x00000000d7900000)
  to   space 5632K, 0% used [0x00000000d6e00000,0x00000000d6e00000,0x00000000d7380000)
 ParOldGen       total 68608K, used 7476K [0x0000000080000000, 0x0000000084300000, 0x00000000d5580000)
  object space 68608K, 10% used [0x0000000080000000,0x000000008074d2c0,0x0000000084300000)
 Metaspace       used 18225K, committed 18880K, reserved 1114112K
  class space    used 1904K, committed 2176K, reserved 1048576K
}
Event: 6.449 GC heap before
{Heap before GC invocations=7 (full 0):
 PSYoungGen      total 30208K, used 29832K [0x00000000d5580000, 0x00000000d7900000, 0x0000000100000000)
  eden space 24576K, 100% used [0x00000000d5580000,0x00000000d6d80000,0x00000000d6d80000)
  from space 5632K, 93% used [0x00000000d7380000,0x00000000d78a2040,0x00000000d7900000)
  to   space 5632K, 0% used [0x00000000d6e00000,0x00000000d6e00000,0x00000000d7380000)
 ParOldGen       total 68608K, used 7476K [0x0000000080000000, 0x0000000084300000, 0x00000000d5580000)
  object space 68608K, 10% used [0x0000000080000000,0x000000008074d2c0,0x0000000084300000)
 Metaspace       used 20544K, committed 21376K, reserved 1114112K
  class space    used 2169K, committed 2496K, reserved 1048576K
}
Event: 6.454 GC heap after
{Heap after GC invocations=7 (full 0):
 PSYoungGen      total 29184K, used 4627K [0x00000000d5580000, 0x00000000d7700000, 0x0000000100000000)
  eden space 24064K, 0% used [0x00000000d5580000,0x00000000d5580000,0x00000000d6d00000)
  from space 5120K, 90% used [0x00000000d6e00000,0x00000000d7284cf8,0x00000000d7300000)
  to   space 4096K, 0% used [0x00000000d7300000,0x00000000d7300000,0x00000000d7700000)
 ParOldGen       total 68608K, used 9128K [0x0000000080000000, 0x0000000084300000, 0x00000000d5580000)
  object space 68608K, 13% used [0x0000000080000000,0x00000000808ea298,0x0000000084300000)
 Metaspace       used 20544K, committed 21376K, reserved 1114112K
  class space    used 2169K, committed 2496K, reserved 1048576K
}
Event: 6.494 GC heap before
{Heap before GC invocations=8 (full 0):
 PSYoungGen      total 29184K, used 6924K [0x00000000d5580000, 0x00000000d7700000, 0x0000000100000000)
  eden space 24064K, 9% used [0x00000000d5580000,0x00000000d57be490,0x00000000d6d00000)
  from space 5120K, 90% used [0x00000000d6e00000,0x00000000d7284cf8,0x00000000d7300000)
  to   space 4096K, 0% used [0x00000000d7300000,0x00000000d7300000,0x00000000d7700000)
 ParOldGen       total 68608K, used 9128K [0x0000000080000000, 0x0000000084300000, 0x00000000d5580000)
  object space 68608K, 13% used [0x0000000080000000,0x00000000808ea298,0x0000000084300000)
 Metaspace       used 20725K, committed 21504K, reserved 1114112K
  class space    used 2190K, committed 2496K, reserved 1048576K
}
Event: 6.497 GC heap after
{Heap after GC invocations=8 (full 0):
 PSYoungGen      total 28160K, used 4087K [0x00000000d5580000, 0x00000000d7700000, 0x0000000100000000)
  eden space 24064K, 0% used [0x00000000d5580000,0x00000000d5580000,0x00000000d6d00000)
  from space 4096K, 99% used [0x00000000d7300000,0x00000000d76fddb0,0x00000000d7700000)
  to   space 5120K, 0% used [0x00000000d6d00000,0x00000000d6d00000,0x00000000d7200000)
 ParOldGen       total 68608K, used 9609K [0x0000000080000000, 0x0000000084300000, 0x00000000d5580000)
  object space 68608K, 14% used [0x0000000080000000,0x0000000080962590,0x0000000084300000)
 Metaspace       used 20725K, committed 21504K, reserved 1114112K
  class space    used 2190K, committed 2496K, reserved 1048576K
}
Event: 6.497 GC heap before
{Heap before GC invocations=9 (full 1):
 PSYoungGen      total 28160K, used 4087K [0x00000000d5580000, 0x00000000d7700000, 0x0000000100000000)
  eden space 24064K, 0% used [0x00000000d5580000,0x00000000d5580000,0x00000000d6d00000)
  from space 4096K, 99% used [0x00000000d7300000,0x00000000d76fddb0,0x00000000d7700000)
  to   space 5120K, 0% used [0x00000000d6d00000,0x00000000d6d00000,0x00000000d7200000)
 ParOldGen       total 68608K, used 9609K [0x0000000080000000, 0x0000000084300000, 0x00000000d5580000)
  object space 68608K, 14% used [0x0000000080000000,0x0000000080962590,0x0000000084300000)
 Metaspace       used 20725K, committed 21504K, reserved 1114112K
  class space    used 2190K, committed 2496K, reserved 1048576K
}
Event: 6.536 GC heap after
{Heap after GC invocations=9 (full 1):
 PSYoungGen      total 28160K, used 0K [0x00000000d5580000, 0x00000000d7700000, 0x0000000100000000)
  eden space 24064K, 0% used [0x00000000d5580000,0x00000000d5580000,0x00000000d6d00000)
  from space 4096K, 0% used [0x00000000d7300000,0x00000000d7300000,0x00000000d7700000)
  to   space 5120K, 0% used [0x00000000d6d00000,0x00000000d6d00000,0x00000000d7200000)
 ParOldGen       total 68608K, used 13096K [0x0000000080000000, 0x0000000084300000, 0x00000000d5580000)
  object space 68608K, 19% used [0x0000000080000000,0x0000000080cca1f0,0x0000000084300000)
 Metaspace       used 20712K, committed 21504K, reserved 1114112K
  class space    used 2186K, committed 2496K, reserved 1048576K
}
Event: 6.820 GC heap before
{Heap before GC invocations=10 (full 1):
 PSYoungGen      total 28160K, used 24064K [0x00000000d5580000, 0x00000000d7700000, 0x0000000100000000)
  eden space 24064K, 100% used [0x00000000d5580000,0x00000000d6d00000,0x00000000d6d00000)
  from space 4096K, 0% used [0x00000000d7300000,0x00000000d7300000,0x00000000d7700000)
  to   space 5120K, 0% used [0x00000000d6d00000,0x00000000d6d00000,0x00000000d7200000)
 ParOldGen       total 68608K, used 13096K [0x0000000080000000, 0x0000000084300000, 0x00000000d5580000)
  object space 68608K, 19% used [0x0000000080000000,0x0000000080cca1f0,0x0000000084300000)
 Metaspace       used 23080K, committed 23872K, reserved 1114112K
  class space    used 2351K, committed 2688K, reserved 1048576K
}
Event: 6.822 GC heap after
{Heap after GC invocations=10 (full 1):
 PSYoungGen      total 24576K, used 688K [0x00000000d5580000, 0x00000000d7380000, 0x0000000100000000)
  eden space 23552K, 0% used [0x00000000d5580000,0x00000000d5580000,0x00000000d6c80000)
  from space 1024K, 67% used [0x00000000d6d00000,0x00000000d6dac360,0x00000000d6e00000)
  to   space 2560K, 0% used [0x00000000d7100000,0x00000000d7100000,0x00000000d7380000)
 ParOldGen       total 68608K, used 13096K [0x0000000080000000, 0x0000000084300000, 0x00000000d5580000)
  object space 68608K, 19% used [0x0000000080000000,0x0000000080cca1f0,0x0000000084300000)
 Metaspace       used 23080K, committed 23872K, reserved 1114112K
  class space    used 2351K, committed 2688K, reserved 1048576K
}
Event: 7.155 GC heap before
{Heap before GC invocations=11 (full 1):
 PSYoungGen      total 24576K, used 23469K [0x00000000d5580000, 0x00000000d7380000, 0x0000000100000000)
  eden space 23552K, 96% used [0x00000000d5580000,0x00000000d6bbf1e0,0x00000000d6c80000)
  from space 1024K, 67% used [0x00000000d6d00000,0x00000000d6dac360,0x00000000d6e00000)
  to   space 2560K, 0% used [0x00000000d7100000,0x00000000d7100000,0x00000000d7380000)
 ParOldGen       total 68608K, used 13096K [0x0000000080000000, 0x0000000084300000, 0x00000000d5580000)
  object space 68608K, 19% used [0x0000000080000000,0x0000000080cca1f0,0x0000000084300000)
 Metaspace       used 26382K, committed 27200K, reserved 1114112K
  class space    used 2610K, committed 2944K, reserved 1048576K
}
Event: 7.156 GC heap after
{Heap after GC invocations=11 (full 1):
 PSYoungGen      total 25088K, used 1693K [0x00000000d5580000, 0x00000000d7300000, 0x0000000100000000)
  eden space 23040K, 0% used [0x00000000d5580000,0x00000000d5580000,0x00000000d6c00000)
  from space 2048K, 82% used [0x00000000d7100000,0x00000000d72a77a8,0x00000000d7300000)
  to   space 2048K, 0% used [0x00000000d6f00000,0x00000000d6f00000,0x00000000d7100000)
 ParOldGen       total 68608K, used 13104K [0x0000000080000000, 0x0000000084300000, 0x00000000d5580000)
  object space 68608K, 19% used [0x0000000080000000,0x0000000080ccc1f0,0x0000000084300000)
 Metaspace       used 26382K, committed 27200K, reserved 1114112K
  class space    used 2610K, committed 2944K, reserved 1048576K
}
Event: 7.637 GC heap before
{Heap before GC invocations=12 (full 1):
 PSYoungGen      total 25088K, used 24733K [0x00000000d5580000, 0x00000000d7300000, 0x0000000100000000)
  eden space 23040K, 100% used [0x00000000d5580000,0x00000000d6c00000,0x00000000d6c00000)
  from space 2048K, 82% used [0x00000000d7100000,0x00000000d72a77a8,0x00000000d7300000)
  to   space 2048K, 0% used [0x00000000d6f00000,0x00000000d6f00000,0x00000000d7100000)
 ParOldGen       total 68608K, used 13104K [0x0000000080000000, 0x0000000084300000, 0x00000000d5580000)
  object space 68608K, 19% used [0x0000000080000000,0x0000000080ccc1f0,0x0000000084300000)
 Metaspace       used 28066K, committed 28928K, reserved 1114112K
  class space    used 2757K, committed 3136K, reserved 1048576K
}
Event: 7.641 GC heap after
{Heap after GC invocations=12 (full 1):
 PSYoungGen      total 24576K, used 1549K [0x00000000d5580000, 0x00000000d7180000, 0x0000000100000000)
  eden space 22528K, 0% used [0x00000000d5580000,0x00000000d5580000,0x00000000d6b80000)
  from space 2048K, 75% used [0x00000000d6f00000,0x00000000d7083510,0x00000000d7100000)
  to   space 512K, 0% used [0x00000000d7100000,0x00000000d7100000,0x00000000d7180000)
 ParOldGen       total 68608K, used 14620K [0x0000000080000000, 0x0000000084300000, 0x00000000d5580000)
  object space 68608K, 21% used [0x0000000080000000,0x0000000080e471f8,0x0000000084300000)
 Metaspace       used 28066K, committed 28928K, reserved 1114112K
  class space    used 2757K, committed 3136K, reserved 1048576K
}

